#
# There is insufficient memory for the Java Runtime Environment to continue.
# Native memory allocation (malloc) failed to allocate 1048576 bytes. Error detail: AllocateHeap
# Possible reasons:
#   The system is out of physical RAM or swap space
#   This process is running with CompressedOops enabled, and the Java Heap may be blocking the growth of the native heap
# Possible solutions:
#   Reduce memory load on the system
#   Increase physical memory or swap space
#   Check if swap backing store is full
#   Decrease Java heap size (-Xmx/-Xms)
#   Decrease number of Java threads
#   Decrease Java thread stack sizes (-Xss)
#   Set larger code cache with -XX:ReservedCodeCacheSize=
#   JVM is running with Unscaled Compressed Oops mode in which the Java heap is
#     placed in the first 4GB address space. The Java Heap base address is the
#     maximum limit for the native heap growth. Please use -XX:HeapBaseMinAddress
#     to set the Java Heap base and to place the Java Heap above 4GB virtual address.
# This output file may be truncated or incomplete.
#
#  Out of Memory Error (allocation.cpp:44), pid=20780, tid=21180
#
# JRE version: OpenJDK Runtime Environment Temurin-21.0.8+9 (21.0.8+9) (build 21.0.8+9-LTS)
# Java VM: OpenJDK 64-Bit Server VM Temurin-21.0.8+9 (21.0.8+9-LTS, mixed mode, sharing, tiered, compressed oops, compressed class ptrs, parallel gc, windows-amd64)
# No core dump will be written. Minidumps are not enabled by default on client versions of Windows
#

---------------  S U M M A R Y ------------

Command Line: --add-modules=ALL-SYSTEM --add-opens=java.base/java.util=ALL-UNNAMED --add-opens=java.base/java.lang=ALL-UNNAMED --add-opens=java.base/sun.nio.fs=ALL-UNNAMED -Declipse.application=org.eclipse.jdt.ls.core.id1 -Dosgi.bundles.defaultStartLevel=4 -Declipse.product=org.eclipse.jdt.ls.core.product -Djava.import.generatesMetadataFilesAtProjectRoot=false -DDetectVMInstallationsJob.disabled=true -Dfile.encoding=utf8 -XX:+UseParallelGC -XX:GCTimeRatio=4 -XX:AdaptiveSizePolicyWeight=90 -Dsun.zip.disableMemoryMapping=true -Xmx2G -Xms100m -Xlog:disable -javaagent:c:\Users\Acer\.vscode\extensions\redhat.java-1.46.0-win32-x64\lombok\lombok-1.18.39-4050.jar -XX:+HeapDumpOnOutOfMemoryError -XX:HeapDumpPath=c:\Users\Acer\AppData\Roaming\Code\User\workspaceStorage\583f069a11688f5771e764d579c491a0\redhat.java -Daether.dependencyCollector.impl=bf c:\Users\Acer\.vscode\extensions\redhat.java-1.46.0-win32-x64\server\plugins\org.eclipse.equinox.launcher_1.7.0.v20250519-0528.jar -configuration c:\Users\Acer\AppData\Roaming\Code\User\globalStorage\redhat.java\1.46.0\config_win -data c:\Users\Acer\AppData\Roaming\Code\User\workspaceStorage\583f069a11688f5771e764d579c491a0\redhat.java\jdt_ws --pipe=\\.\pipe\lsp-8d0b72745924b5961849ca2f34f7383d-sock

Host: 12th Gen Intel(R) Core(TM) i3-1215U, 8 cores, 3G,  Windows 11 , 64 bit Build 26100 (10.0.26100.5074)
Time: Mon Oct 20 21:21:17 2025 Sri Lanka Standard Time elapsed time: 2075.363296 seconds (0d 0h 34m 35s)

---------------  T H R E A D  ---------------

Current thread (0x000001c8254d60f0):  JavaThread "Attach Listener" daemon [_thread_in_vm, id=21180, stack(0x0000000324200000,0x0000000324300000) (1024K)]

Stack: [0x0000000324200000,0x0000000324300000]
Native frames: (J=compiled Java code, j=interpreted, Vv=VM code, C=native code)
V  [jvm.dll+0x6d2449]
V  [jvm.dll+0x8ae341]
V  [jvm.dll+0x8b08be]
V  [jvm.dll+0x8b0fa3]
V  [jvm.dll+0x280c96]
V  [jvm.dll+0xc0347]
V  [jvm.dll+0x6d2cf9]
V  [jvm.dll+0x131116]
V  [jvm.dll+0x3f2d16]
V  [jvm.dll+0x857e6b]
V  [jvm.dll+0x6d0b0d]
C  [ucrtbase.dll+0x37b0]
C  [KERNEL32.DLL+0x2e8d7]
C  [ntdll.dll+0x8d9c]


---------------  P R O C E S S  ---------------

Threads class SMR info:
_java_thread_list=0x000001c86dcbefd0, length=41, elements={
0x000001c80cb4a400, 0x000001c8254ce420, 0x000001c8254d19d0, 0x000001c8254d5050,
0x000001c8254d60f0, 0x000001c8254d8200, 0x000001c8254dac60, 0x000001c8254ddaa0,
0x000001c86c03d4d0, 0x000001c80cbb9410, 0x000001c86c2201c0, 0x000001c86c936fb0,
0x000001c86cb725e0, 0x000001c86cb6c620, 0x000001c86cb6d090, 0x000001c86cfed060,
0x000001c86c2d6100, 0x000001c86c78b090, 0x000001c86d448640, 0x000001c86c89f440,
0x000001c86c8a07f0, 0x000001c86c89e090, 0x000001c86c89e720, 0x000001c86f2cf3b0,
0x000001c86f2d1480, 0x000001c86f2d0760, 0x000001c86f2cfa40, 0x000001c86f2d0df0,
0x000001c86f2d00d0, 0x000001c86f2ced20, 0x000001c86f2ce000, 0x000001c86f2ce690,
0x000001c86f2d3550, 0x000001c86e99e1a0, 0x000001c86eae4510, 0x000001c86eae2440,
0x000001c86eae8d40, 0x000001c86c8a1510, 0x000001c86c89fad0, 0x000001c86e5d9220,
0x000001c86e5d77e0
}

Java Threads: ( => current thread )
  0x000001c80cb4a400 JavaThread "main"                              [_thread_blocked, id=3592, stack(0x0000000323b00000,0x0000000323c00000) (1024K)]
  0x000001c8254ce420 JavaThread "Reference Handler"          daemon [_thread_blocked, id=17128, stack(0x0000000323f00000,0x0000000324000000) (1024K)]
  0x000001c8254d19d0 JavaThread "Finalizer"                  daemon [_thread_blocked, id=15316, stack(0x0000000324000000,0x0000000324100000) (1024K)]
  0x000001c8254d5050 JavaThread "Signal Dispatcher"          daemon [_thread_blocked, id=2956, stack(0x0000000324100000,0x0000000324200000) (1024K)]
=>0x000001c8254d60f0 JavaThread "Attach Listener"            daemon [_thread_in_vm, id=21180, stack(0x0000000324200000,0x0000000324300000) (1024K)]
  0x000001c8254d8200 JavaThread "Service Thread"             daemon [_thread_blocked, id=18968, stack(0x0000000324300000,0x0000000324400000) (1024K)]
  0x000001c8254dac60 JavaThread "Monitor Deflation Thread"   daemon [_thread_blocked, id=19832, stack(0x0000000324400000,0x0000000324500000) (1024K)]
  0x000001c8254ddaa0 JavaThread "C2 CompilerThread0"         daemon [_thread_blocked, id=17160, stack(0x0000000324500000,0x0000000324600000) (1024K)]
  0x000001c86c03d4d0 JavaThread "C1 CompilerThread0"         daemon [_thread_blocked, id=20388, stack(0x0000000324600000,0x0000000324700000) (1024K)]
  0x000001c80cbb9410 JavaThread "Common-Cleaner"             daemon [_thread_blocked, id=15868, stack(0x0000000324700000,0x0000000324800000) (1024K)]
  0x000001c86c2201c0 JavaThread "Notification Thread"        daemon [_thread_blocked, id=19584, stack(0x0000000324800000,0x0000000324900000) (1024K)]
  0x000001c86c936fb0 JavaThread "Active Thread: Equinox Container: 2bb1dbdb-91c2-4c52-a2be-e0386c170b6a"        [_thread_blocked, id=21408, stack(0x0000000324f00000,0x0000000325000000) (1024K)]
  0x000001c86cb725e0 JavaThread "Refresh Thread: Equinox Container: 2bb1dbdb-91c2-4c52-a2be-e0386c170b6a" daemon [_thread_blocked, id=16856, stack(0x0000000325000000,0x0000000325100000) (1024K)]
  0x000001c86cb6c620 JavaThread "Framework Event Dispatcher: Equinox Container: 2bb1dbdb-91c2-4c52-a2be-e0386c170b6a" daemon [_thread_blocked, id=19856, stack(0x0000000325200000,0x0000000325300000) (1024K)]
  0x000001c86cb6d090 JavaThread "Start Level: Equinox Container: 2bb1dbdb-91c2-4c52-a2be-e0386c170b6a" daemon [_thread_blocked, id=20552, stack(0x0000000325300000,0x0000000325400000) (1024K)]
  0x000001c86cfed060 JavaThread "Bundle File Closer"         daemon [_thread_blocked, id=20752, stack(0x0000000325400000,0x0000000325500000) (1024K)]
  0x000001c86c2d6100 JavaThread "SCR Component Actor"        daemon [_thread_blocked, id=9156, stack(0x0000000325500000,0x0000000325600000) (1024K)]
  0x000001c86c78b090 JavaThread "Worker-JM"                         [_thread_blocked, id=11508, stack(0x0000000325600000,0x0000000325700000) (1024K)]
  0x000001c86d448640 JavaThread "JNA Cleaner"                daemon [_thread_blocked, id=5012, stack(0x0000000325700000,0x0000000325800000) (1024K)]
  0x000001c86c89f440 JavaThread "Worker-1"                          [_thread_blocked, id=14216, stack(0x0000000325900000,0x0000000325a00000) (1024K)]
  0x000001c86c8a07f0 JavaThread "Java indexing"              daemon [_thread_blocked, id=21040, stack(0x0000000325b00000,0x0000000325c00000) (1024K)]
  0x000001c86c89e090 JavaThread "Thread-1"                   daemon [_thread_in_native, id=12816, stack(0x0000000326000000,0x0000000326100000) (1024K)]
  0x000001c86c89e720 JavaThread "Thread-2"                   daemon [_thread_in_native, id=5896, stack(0x0000000326100000,0x0000000326200000) (1024K)]
  0x000001c86f2cf3b0 JavaThread "Thread-3"                   daemon [_thread_in_native, id=18440, stack(0x0000000326200000,0x0000000326300000) (1024K)]
  0x000001c86f2d1480 JavaThread "Thread-4"                   daemon [_thread_in_native, id=19552, stack(0x0000000326300000,0x0000000326400000) (1024K)]
  0x000001c86f2d0760 JavaThread "Thread-5"                   daemon [_thread_in_native, id=16636, stack(0x0000000326400000,0x0000000326500000) (1024K)]
  0x000001c86f2cfa40 JavaThread "Thread-6"                   daemon [_thread_in_native, id=8388, stack(0x0000000326500000,0x0000000326600000) (1024K)]
  0x000001c86f2d0df0 JavaThread "Thread-7"                   daemon [_thread_in_native, id=5252, stack(0x0000000326600000,0x0000000326700000) (1024K)]
  0x000001c86f2d00d0 JavaThread "Thread-8"                   daemon [_thread_in_native, id=12356, stack(0x0000000326700000,0x0000000326800000) (1024K)]
  0x000001c86f2ced20 JavaThread "Thread-9"                   daemon [_thread_in_native, id=19780, stack(0x0000000326800000,0x0000000326900000) (1024K)]
  0x000001c86f2ce000 JavaThread "pool-2-thread-1"                   [_thread_blocked, id=8540, stack(0x0000000326900000,0x0000000326a00000) (1024K)]
  0x000001c86f2ce690 JavaThread "WorkspaceEventsHandler"            [_thread_blocked, id=4124, stack(0x0000000326b00000,0x0000000326c00000) (1024K)]
  0x000001c86f2d3550 JavaThread "pool-1-thread-1"                   [_thread_blocked, id=18712, stack(0x0000000326c00000,0x0000000326d00000) (1024K)]
  0x000001c86e99e1a0 JavaThread "Cleaner-0"                  daemon [_thread_blocked, id=18936, stack(0x0000000323800000,0x0000000323900000) (1024K)]
  0x000001c86eae4510 JavaThread "Java Debug Server"          daemon [_thread_in_native, id=13104, stack(0x0000000323a00000,0x0000000323b00000) (1024K)]
  0x000001c86eae2440 JavaThread "pool-5-thread-1"                   [_thread_in_native, id=20828, stack(0x0000000325a00000,0x0000000325b00000) (1024K)]
  0x000001c86eae8d40 JavaThread "RxSchedulerPurge-1"         daemon [_thread_blocked, id=19464, stack(0x0000000325d00000,0x0000000325e00000) (1024K)]
  0x000001c86c8a1510 JavaThread "RxCachedWorkerPoolEvictor-1" daemon [_thread_blocked, id=7548, stack(0x0000000325e00000,0x0000000325f00000) (1024K)]
  0x000001c86c89fad0 JavaThread "RxNewThreadScheduler-1"     daemon [_thread_blocked, id=9772, stack(0x0000000325f00000,0x0000000326000000) (1024K)]
  0x000001c86e5d9220 JavaThread "process reaper (pid 15804)" daemon [_thread_in_native, id=21008, stack(0x0000000327500000,0x0000000327520000) (128K)]
  0x000001c86e5d77e0 JavaThread "Worker-9"                          [_thread_blocked, id=14860, stack(0x0000000323900000,0x0000000323a00000) (1024K)]
Total: 41

Other Threads:
  0x000001c8254b29f0 VMThread "VM Thread"                           [id=19180, stack(0x0000000323e00000,0x0000000323f00000) (1024K)]
  0x000001c8253eca00 WatcherThread "VM Periodic Task Thread"        [id=20124, stack(0x0000000323d00000,0x0000000323e00000) (1024K)]
  0x000001c80cb69770 WorkerThread "GC Thread#0"                     [id=17656, stack(0x0000000323c00000,0x0000000323d00000) (1024K)]
  0x000001c86c4eafc0 WorkerThread "GC Thread#1"                     [id=18552, stack(0x0000000324900000,0x0000000324a00000) (1024K)]
  0x000001c86c4eb360 WorkerThread "GC Thread#2"                     [id=18752, stack(0x0000000324a00000,0x0000000324b00000) (1024K)]
  0x000001c86c4cdd10 WorkerThread "GC Thread#3"                     [id=21188, stack(0x0000000324b00000,0x0000000324c00000) (1024K)]
  0x000001c86c4ce0b0 WorkerThread "GC Thread#4"                     [id=11568, stack(0x0000000324c00000,0x0000000324d00000) (1024K)]
  0x000001c86c478ca0 WorkerThread "GC Thread#5"                     [id=11780, stack(0x0000000324d00000,0x0000000324e00000) (1024K)]
  0x000001c86c479040 WorkerThread "GC Thread#6"                     [id=18560, stack(0x0000000324e00000,0x0000000324f00000) (1024K)]
  0x000001c86cb73040 WorkerThread "GC Thread#7"                     [id=3896, stack(0x0000000325100000,0x0000000325200000) (1024K)]
Total: 10

Threads with active compile tasks:
Total: 0

VM state: not at safepoint (normal execution)

VM Mutex/Monitor currently owned by a thread: None

Heap address: 0x0000000080000000, size: 2048 MB, Compressed Oops mode: 32-bit

CDS archive(s) mapped at: [0x000001c826000000-0x000001c826ba0000-0x000001c826ba0000), size 12189696, SharedBaseAddress: 0x000001c826000000, ArchiveRelocationMode: 1.
Compressed class space mapped at: 0x000001c827000000-0x000001c867000000, reserved size: 1073741824
Narrow klass base: 0x000001c826000000, Narrow klass shift: 0, Narrow klass range: 0x100000000

GC Precious Log:
 CardTable entry size: 512
 CPUs: 8 total, 8 available
 Memory: 3800M
 Large Page Support: Disabled
 NUMA Support: Disabled
 Compressed Oops: Enabled (32-bit)
 Alignments: Space 512K, Generation 512K, Heap 2M
 Heap Min Capacity: 100M
 Heap Initial Capacity: 100M
 Heap Max Capacity: 2G
 Pre-touch: Disabled
 Parallel Workers: 8

Heap:
 PSYoungGen      total 3584K, used 2442K [0x00000000d5580000, 0x00000000d5b00000, 0x0000000100000000)
  eden space 2560K, 60% used [0x00000000d5580000,0x00000000d5702990,0x00000000d5800000)
  from space 1024K, 87% used [0x00000000d5a00000,0x00000000d5ae0000,0x00000000d5b00000)
  to   space 1536K, 0% used [0x00000000d5800000,0x00000000d5800000,0x00000000d5980000)
 ParOldGen       total 840192K, used 839936K [0x0000000080000000, 0x00000000b3480000, 0x00000000d5580000)
  object space 840192K, 99% used [0x0000000080000000,0x00000000b34403f0,0x00000000b3480000)
 Metaspace       used 81114K, committed 82816K, reserved 1179648K
  class space    used 8645K, committed 9344K, reserved 1048576K

Card table byte_map: [0x000001c820820000,0x000001c820c30000] _byte_map_base: 0x000001c820420000

Marking Bits: (ParMarkBitMap*) 0x00007ffdaac7a340
 Begin Bits: [0x000001c820ee0000, 0x000001c822ee0000)
 End Bits:   [0x000001c822ee0000, 0x000001c824ee0000)

Polling page: 0x000001c80cfb0000

Metaspace:

Usage:
  Non-class:     70.77 MB used.
      Class:      8.44 MB used.
       Both:     79.21 MB used.

Virtual space:
  Non-class space:      128.00 MB reserved,      71.75 MB ( 56%) committed,  2 nodes.
      Class space:        1.00 GB reserved,       9.12 MB ( <1%) committed,  1 nodes.
             Both:        1.12 GB reserved,      80.88 MB (  7%) committed. 

Chunk freelists:
   Non-Class:  8.24 MB
       Class:  6.89 MB
        Both:  15.13 MB

MaxMetaspaceSize: unlimited
CompressedClassSpaceSize: 1.00 GB
Initial GC threshold: 21.00 MB
Current GC threshold: 97.31 MB
CDS: on
 - commit_granule_bytes: 65536.
 - commit_granule_words: 8192.
 - virtual_space_node_default_size: 8388608.
 - enlarge_chunks_in_place: 1.
 - use_allocation_guard: 0.


Internal statistics:

num_allocs_failed_limit: 11.
num_arena_births: 1480.
num_arena_deaths: 14.
num_vsnodes_births: 3.
num_vsnodes_deaths: 0.
num_space_committed: 1294.
num_space_uncommitted: 0.
num_chunks_returned_to_freelist: 25.
num_chunks_taken_from_freelist: 5304.
num_chunk_merges: 17.
num_chunk_splits: 3191.
num_chunks_enlarged: 1690.
num_inconsistent_stats: 0.

CodeHeap 'non-profiled nmethods': size=120000Kb used=12395Kb max_used=12395Kb free=107604Kb
 bounds [0x000001c819100000, 0x000001c819d20000, 0x000001c820630000]
CodeHeap 'profiled nmethods': size=120000Kb used=34550Kb max_used=34550Kb free=85449Kb
 bounds [0x000001c811630000, 0x000001c8137f0000, 0x000001c818b60000]
CodeHeap 'non-nmethods': size=5760Kb used=1524Kb max_used=1591Kb free=4235Kb
 bounds [0x000001c818b60000, 0x000001c818dd0000, 0x000001c819100000]
CodeCache: size=245760Kb, used=48469Kb, max_used=48536Kb, free=197288Kb
 total_blobs=15897, nmethods=15048, adapters=754, full_count=0
Compilation: enabled, stopped_count=0, restarted_count=0

Compilation events (20 events):
Event: 1672.564 Thread 0x000001c86c03d4d0 15838       3       java.nio.charset.CharsetEncoder::<init> (16 bytes)
Event: 1672.564 Thread 0x000001c86c03d4d0 nmethod 15838 0x000001c8137e8210 code [0x000001c8137e83c0, 0x000001c8137e85a0]
Event: 1672.572 Thread 0x000001c86c03d4d0 15842       3       org.eclipse.core.internal.dtree.AbstractDataTreeNode::compareWith (364 bytes)
Event: 1672.582 Thread 0x000001c86c03d4d0 nmethod 15842 0x000001c8137e8690 code [0x000001c8137e8a00, 0x000001c8137eaa40]
Event: 1672.582 Thread 0x000001c86c03d4d0 15841       3       org.eclipse.core.internal.dtree.DataTreeNode::compareWith (74 bytes)
Event: 1672.585 Thread 0x000001c86c03d4d0 nmethod 15841 0x000001c8137eb390 code [0x000001c8137eb580, 0x000001c8137ebaf0]
Event: 1692.597 Thread 0x000001c86c03d4d0 15843       1       org.eclipse.osgi.internal.framework.EquinoxContainer::getStorage (5 bytes)
Event: 1692.614 Thread 0x000001c86c03d4d0 nmethod 15843 0x000001c819d15990 code [0x000001c819d15b20, 0x000001c819d15be8]
Event: 1699.459 Thread 0x000001c86c03d4d0 15844       3       java.util.concurrent.ThreadPoolExecutor$Worker::lock (6 bytes)
Event: 1699.486 Thread 0x000001c86c03d4d0 nmethod 15844 0x000001c8137ebd90 code [0x000001c8137ebf40, 0x000001c8137ec080]
Event: 1717.721 Thread 0x000001c8254ddaa0 15845       4       java.util.concurrent.TimeUnit::convert (73 bytes)
Event: 1717.919 Thread 0x000001c8254ddaa0 nmethod 15845 0x000001c819d15c90 code [0x000001c819d15e40, 0x000001c819d15fd0]
Event: 1718.619 Thread 0x000001c86c03d4d0 15846       1       com.sun.jna.internal.Cleaner::access$100 (5 bytes)
Event: 1718.635 Thread 0x000001c86c03d4d0 nmethod 15846 0x000001c819d16110 code [0x000001c819d162a0, 0x000001c819d16350]
Event: 1961.619 Thread 0x000001c86c03d4d0 15847       3       java.util.concurrent.locks.AbstractQueuedSynchronizer$ConditionObject::await (207 bytes)
Event: 1961.699 Thread 0x000001c86c03d4d0 nmethod 15847 0x000001c8137ec110 code [0x000001c8137ec400, 0x000001c8137ed280]
Event: 2025.416 Thread 0x000001c8254ddaa0 15849       4       java.util.concurrent.ConcurrentHashMap$CollectionView::toArray (145 bytes)
Event: 2025.786 Thread 0x000001c8254ddaa0 nmethod 15849 0x000001c819d16410 code [0x000001c819d16600, 0x000001c819d17040]
Event: 2026.401 Thread 0x000001c8254ddaa0 15850       4       io.reactivex.internal.schedulers.SchedulerPoolFactory$ScheduledTask::run (66 bytes)
Event: 2027.800 Thread 0x000001c8254ddaa0 nmethod 15850 0x000001c819d17810 code [0x000001c819d17ae0, 0x000001c819d191b8]

GC Heap History (20 events):
Event: 1368.527 GC heap before
{Heap before GC invocations=940 (full 3):
 PSYoungGen      total 3072K, used 2815K [0x00000000d5580000, 0x00000000d5980000, 0x0000000100000000)
  eden space 2560K, 99% used [0x00000000d5580000,0x00000000d57ffff8,0x00000000d5800000)
  from space 512K, 50% used [0x00000000d5900000,0x00000000d5940000,0x00000000d5980000)
  to   space 512K, 0% used [0x00000000d5880000,0x00000000d5880000,0x00000000d5900000)
 ParOldGen       total 835072K, used 834644K [0x0000000080000000, 0x00000000b2f80000, 0x00000000d5580000)
  object space 835072K, 99% used [0x0000000080000000,0x00000000b2f152b0,0x00000000b2f80000)
 Metaspace       used 80818K, committed 82432K, reserved 1179648K
  class space    used 8605K, committed 9280K, reserved 1048576K
}
Event: 1369.842 GC heap after
{Heap after GC invocations=940 (full 3):
 PSYoungGen      total 3072K, used 320K [0x00000000d5580000, 0x00000000d5980000, 0x0000000100000000)
  eden space 2560K, 0% used [0x00000000d5580000,0x00000000d5580000,0x00000000d5800000)
  from space 512K, 62% used [0x00000000d5880000,0x00000000d58d0000,0x00000000d5900000)
  to   space 512K, 0% used [0x00000000d5900000,0x00000000d5900000,0x00000000d5980000)
 ParOldGen       total 835072K, used 834764K [0x0000000080000000, 0x00000000b2f80000, 0x00000000d5580000)
  object space 835072K, 99% used [0x0000000080000000,0x00000000b2f332b0,0x00000000b2f80000)
 Metaspace       used 80818K, committed 82432K, reserved 1179648K
  class space    used 8605K, committed 9280K, reserved 1048576K
}
Event: 1374.762 GC heap before
{Heap before GC invocations=941 (full 3):
 PSYoungGen      total 3072K, used 2880K [0x00000000d5580000, 0x00000000d5980000, 0x0000000100000000)
  eden space 2560K, 100% used [0x00000000d5580000,0x00000000d5800000,0x00000000d5800000)
  from space 512K, 62% used [0x00000000d5880000,0x00000000d58d0000,0x00000000d5900000)
  to   space 512K, 0% used [0x00000000d5900000,0x00000000d5900000,0x00000000d5980000)
 ParOldGen       total 835072K, used 834764K [0x0000000080000000, 0x00000000b2f80000, 0x00000000d5580000)
  object space 835072K, 99% used [0x0000000080000000,0x00000000b2f332b0,0x00000000b2f80000)
 Metaspace       used 80847K, committed 82432K, reserved 1179648K
  class space    used 8606K, committed 9280K, reserved 1048576K
}
Event: 1374.770 GC heap after
{Heap after GC invocations=941 (full 3):
 PSYoungGen      total 3072K, used 192K [0x00000000d5580000, 0x00000000d5980000, 0x0000000100000000)
  eden space 2560K, 0% used [0x00000000d5580000,0x00000000d5580000,0x00000000d5800000)
  from space 512K, 37% used [0x00000000d5900000,0x00000000d5930000,0x00000000d5980000)
  to   space 512K, 0% used [0x00000000d5880000,0x00000000d5880000,0x00000000d5900000)
 ParOldGen       total 835072K, used 834852K [0x0000000080000000, 0x00000000b2f80000, 0x00000000d5580000)
  object space 835072K, 99% used [0x0000000080000000,0x00000000b2f492b0,0x00000000b2f80000)
 Metaspace       used 80847K, committed 82432K, reserved 1179648K
  class space    used 8606K, committed 9280K, reserved 1048576K
}
Event: 1374.923 GC heap before
{Heap before GC invocations=942 (full 3):
 PSYoungGen      total 3072K, used 2752K [0x00000000d5580000, 0x00000000d5980000, 0x0000000100000000)
  eden space 2560K, 100% used [0x00000000d5580000,0x00000000d5800000,0x00000000d5800000)
  from space 512K, 37% used [0x00000000d5900000,0x00000000d5930000,0x00000000d5980000)
  to   space 512K, 0% used [0x00000000d5880000,0x00000000d5880000,0x00000000d5900000)
 ParOldGen       total 835072K, used 834852K [0x0000000080000000, 0x00000000b2f80000, 0x00000000d5580000)
  object space 835072K, 99% used [0x0000000080000000,0x00000000b2f492b0,0x00000000b2f80000)
 Metaspace       used 80855K, committed 82432K, reserved 1179648K
  class space    used 8606K, committed 9280K, reserved 1048576K
}
Event: 1374.932 GC heap after
{Heap after GC invocations=942 (full 3):
 PSYoungGen      total 3072K, used 256K [0x00000000d5580000, 0x00000000d5980000, 0x0000000100000000)
  eden space 2560K, 0% used [0x00000000d5580000,0x00000000d5580000,0x00000000d5800000)
  from space 512K, 50% used [0x00000000d5880000,0x00000000d58c0000,0x00000000d5900000)
  to   space 512K, 0% used [0x00000000d5900000,0x00000000d5900000,0x00000000d5980000)
 ParOldGen       total 835072K, used 834916K [0x0000000080000000, 0x00000000b2f80000, 0x00000000d5580000)
  object space 835072K, 99% used [0x0000000080000000,0x00000000b2f592b0,0x00000000b2f80000)
 Metaspace       used 80855K, committed 82432K, reserved 1179648K
  class space    used 8606K, committed 9280K, reserved 1048576K
}
Event: 1432.368 GC heap before
{Heap before GC invocations=943 (full 3):
 PSYoungGen      total 3072K, used 2816K [0x00000000d5580000, 0x00000000d5980000, 0x0000000100000000)
  eden space 2560K, 100% used [0x00000000d5580000,0x00000000d5800000,0x00000000d5800000)
  from space 512K, 50% used [0x00000000d5880000,0x00000000d58c0000,0x00000000d5900000)
  to   space 512K, 0% used [0x00000000d5900000,0x00000000d5900000,0x00000000d5980000)
 ParOldGen       total 835072K, used 834916K [0x0000000080000000, 0x00000000b2f80000, 0x00000000d5580000)
  object space 835072K, 99% used [0x0000000080000000,0x00000000b2f592b0,0x00000000b2f80000)
 Metaspace       used 80919K, committed 82624K, reserved 1179648K
  class space    used 8617K, committed 9344K, reserved 1048576K
}
Event: 1433.554 GC heap after
{Heap after GC invocations=943 (full 3):
 PSYoungGen      total 3072K, used 320K [0x00000000d5580000, 0x00000000d5980000, 0x0000000100000000)
  eden space 2560K, 0% used [0x00000000d5580000,0x00000000d5580000,0x00000000d5800000)
  from space 512K, 62% used [0x00000000d5900000,0x00000000d5950020,0x00000000d5980000)
  to   space 512K, 0% used [0x00000000d5880000,0x00000000d5880000,0x00000000d5900000)
 ParOldGen       total 835072K, used 834972K [0x0000000080000000, 0x00000000b2f80000, 0x00000000d5580000)
  object space 835072K, 99% used [0x0000000080000000,0x00000000b2f672c0,0x00000000b2f80000)
 Metaspace       used 80919K, committed 82624K, reserved 1179648K
  class space    used 8617K, committed 9344K, reserved 1048576K
}
Event: 1439.867 GC heap before
{Heap before GC invocations=944 (full 3):
 PSYoungGen      total 3072K, used 2879K [0x00000000d5580000, 0x00000000d5980000, 0x0000000100000000)
  eden space 2560K, 99% used [0x00000000d5580000,0x00000000d57fff58,0x00000000d5800000)
  from space 512K, 62% used [0x00000000d5900000,0x00000000d5950020,0x00000000d5980000)
  to   space 512K, 0% used [0x00000000d5880000,0x00000000d5880000,0x00000000d5900000)
 ParOldGen       total 835072K, used 834972K [0x0000000080000000, 0x00000000b2f80000, 0x00000000d5580000)
  object space 835072K, 99% used [0x0000000080000000,0x00000000b2f672c0,0x00000000b2f80000)
 Metaspace       used 80957K, committed 82688K, reserved 1179648K
  class space    used 8619K, committed 9344K, reserved 1048576K
}
Event: 1441.177 GC heap after
{Heap after GC invocations=944 (full 3):
 PSYoungGen      total 3072K, used 244K [0x00000000d5580000, 0x00000000d5980000, 0x0000000100000000)
  eden space 2560K, 0% used [0x00000000d5580000,0x00000000d5580000,0x00000000d5800000)
  from space 512K, 47% used [0x00000000d5880000,0x00000000d58bd200,0x00000000d5900000)
  to   space 512K, 0% used [0x00000000d5900000,0x00000000d5900000,0x00000000d5980000)
 ParOldGen       total 835584K, used 835148K [0x0000000080000000, 0x00000000b3000000, 0x00000000d5580000)
  object space 835584K, 99% used [0x0000000080000000,0x00000000b2f932e0,0x00000000b3000000)
 Metaspace       used 80957K, committed 82688K, reserved 1179648K
  class space    used 8619K, committed 9344K, reserved 1048576K
}
Event: 1443.347 GC heap before
{Heap before GC invocations=945 (full 3):
 PSYoungGen      total 3072K, used 2608K [0x00000000d5580000, 0x00000000d5980000, 0x0000000100000000)
  eden space 2560K, 92% used [0x00000000d5580000,0x00000000d57cf150,0x00000000d5800000)
  from space 512K, 47% used [0x00000000d5880000,0x00000000d58bd200,0x00000000d5900000)
  to   space 512K, 0% used [0x00000000d5900000,0x00000000d5900000,0x00000000d5980000)
 ParOldGen       total 835584K, used 835148K [0x0000000080000000, 0x00000000b3000000, 0x00000000d5580000)
  object space 835584K, 99% used [0x0000000080000000,0x00000000b2f932e0,0x00000000b3000000)
 Metaspace       used 80999K, committed 82688K, reserved 1179648K
  class space    used 8621K, committed 9344K, reserved 1048576K
}
Event: 1443.388 GC heap after
{Heap after GC invocations=945 (full 3):
 PSYoungGen      total 3072K, used 496K [0x00000000d5580000, 0x00000000d5a00000, 0x0000000100000000)
  eden space 2560K, 0% used [0x00000000d5580000,0x00000000d5580000,0x00000000d5800000)
  from space 512K, 97% used [0x00000000d5900000,0x00000000d597c2d8,0x00000000d5980000)
  to   space 1024K, 0% used [0x00000000d5800000,0x00000000d5800000,0x00000000d5900000)
 ParOldGen       total 835584K, used 835385K [0x0000000080000000, 0x00000000b3000000, 0x00000000d5580000)
  object space 835584K, 99% used [0x0000000080000000,0x00000000b2fce4e0,0x00000000b3000000)
 Metaspace       used 80999K, committed 82688K, reserved 1179648K
  class space    used 8621K, committed 9344K, reserved 1048576K
}
Event: 1443.567 GC heap before
{Heap before GC invocations=946 (full 3):
 PSYoungGen      total 3072K, used 2632K [0x00000000d5580000, 0x00000000d5a00000, 0x0000000100000000)
  eden space 2560K, 83% used [0x00000000d5580000,0x00000000d5795da0,0x00000000d5800000)
  from space 512K, 97% used [0x00000000d5900000,0x00000000d597c2d8,0x00000000d5980000)
  to   space 1024K, 0% used [0x00000000d5800000,0x00000000d5800000,0x00000000d5900000)
 ParOldGen       total 835584K, used 835385K [0x0000000080000000, 0x00000000b3000000, 0x00000000d5580000)
  object space 835584K, 99% used [0x0000000080000000,0x00000000b2fce4e0,0x00000000b3000000)
 Metaspace       used 81001K, committed 82688K, reserved 1179648K
  class space    used 8621K, committed 9344K, reserved 1048576K
}
Event: 1443.649 GC heap after
{Heap after GC invocations=946 (full 3):
 PSYoungGen      total 3584K, used 1021K [0x00000000d5580000, 0x00000000d5d00000, 0x0000000100000000)
  eden space 2560K, 0% used [0x00000000d5580000,0x00000000d5580000,0x00000000d5800000)
  from space 1024K, 99% used [0x00000000d5800000,0x00000000d58ff460,0x00000000d5900000)
  to   space 2560K, 0% used [0x00000000d5a80000,0x00000000d5a80000,0x00000000d5d00000)
 ParOldGen       total 836608K, used 836564K [0x0000000080000000, 0x00000000b3100000, 0x00000000d5580000)
  object space 836608K, 99% used [0x0000000080000000,0x00000000b30f5190,0x00000000b3100000)
 Metaspace       used 81001K, committed 82688K, reserved 1179648K
  class space    used 8621K, committed 9344K, reserved 1048576K
}
Event: 1443.997 GC heap before
{Heap before GC invocations=947 (full 3):
 PSYoungGen      total 3584K, used 3581K [0x00000000d5580000, 0x00000000d5d00000, 0x0000000100000000)
  eden space 2560K, 100% used [0x00000000d5580000,0x00000000d5800000,0x00000000d5800000)
  from space 1024K, 99% used [0x00000000d5800000,0x00000000d58ff460,0x00000000d5900000)
  to   space 2560K, 0% used [0x00000000d5a80000,0x00000000d5a80000,0x00000000d5d00000)
 ParOldGen       total 836608K, used 836564K [0x0000000080000000, 0x00000000b3100000, 0x00000000d5580000)
  object space 836608K, 99% used [0x0000000080000000,0x00000000b30f5190,0x00000000b3100000)
 Metaspace       used 81001K, committed 82688K, reserved 1179648K
  class space    used 8621K, committed 9344K, reserved 1048576K
}
Event: 1444.005 GC heap after
{Heap after GC invocations=947 (full 3):
 PSYoungGen      total 5120K, used 2363K [0x00000000d5580000, 0x00000000d5d00000, 0x0000000100000000)
  eden space 2560K, 0% used [0x00000000d5580000,0x00000000d5580000,0x00000000d5800000)
  from space 2560K, 92% used [0x00000000d5a80000,0x00000000d5ccef78,0x00000000d5d00000)
  to   space 2560K, 0% used [0x00000000d5800000,0x00000000d5800000,0x00000000d5a80000)
 ParOldGen       total 837632K, used 837472K [0x0000000080000000, 0x00000000b3200000, 0x00000000d5580000)
  object space 837632K, 99% used [0x0000000080000000,0x00000000b31d8260,0x00000000b3200000)
 Metaspace       used 81001K, committed 82688K, reserved 1179648K
  class space    used 8621K, committed 9344K, reserved 1048576K
}
Event: 1460.583 GC heap before
{Heap before GC invocations=948 (full 3):
 PSYoungGen      total 5120K, used 4923K [0x00000000d5580000, 0x00000000d5d00000, 0x0000000100000000)
  eden space 2560K, 100% used [0x00000000d5580000,0x00000000d5800000,0x00000000d5800000)
  from space 2560K, 92% used [0x00000000d5a80000,0x00000000d5ccef78,0x00000000d5d00000)
  to   space 2560K, 0% used [0x00000000d5800000,0x00000000d5800000,0x00000000d5a80000)
 ParOldGen       total 837632K, used 837472K [0x0000000080000000, 0x00000000b3200000, 0x00000000d5580000)
  object space 837632K, 99% used [0x0000000080000000,0x00000000b31d8260,0x00000000b3200000)
 Metaspace       used 81084K, committed 82752K, reserved 1179648K
  class space    used 8643K, committed 9344K, reserved 1048576K
}
Event: 1462.989 GC heap after
{Heap after GC invocations=948 (full 3):
 PSYoungGen      total 4608K, used 1808K [0x00000000d5580000, 0x00000000d5c00000, 0x0000000100000000)
  eden space 2560K, 0% used [0x00000000d5580000,0x00000000d5580000,0x00000000d5800000)
  from space 2048K, 88% used [0x00000000d5800000,0x00000000d59c41b8,0x00000000d5a00000)
  to   space 2048K, 0% used [0x00000000d5a00000,0x00000000d5a00000,0x00000000d5c00000)
 ParOldGen       total 840192K, used 839712K [0x0000000080000000, 0x00000000b3480000, 0x00000000d5580000)
  object space 840192K, 99% used [0x0000000080000000,0x00000000b34083f0,0x00000000b3480000)
 Metaspace       used 81084K, committed 82752K, reserved 1179648K
  class space    used 8643K, committed 9344K, reserved 1048576K
}
Event: 1667.011 GC heap before
{Heap before GC invocations=949 (full 3):
 PSYoungGen      total 4608K, used 4368K [0x00000000d5580000, 0x00000000d5c00000, 0x0000000100000000)
  eden space 2560K, 100% used [0x00000000d5580000,0x00000000d5800000,0x00000000d5800000)
  from space 2048K, 88% used [0x00000000d5800000,0x00000000d59c41b8,0x00000000d5a00000)
  to   space 2048K, 0% used [0x00000000d5a00000,0x00000000d5a00000,0x00000000d5c00000)
 ParOldGen       total 840192K, used 839712K [0x0000000080000000, 0x00000000b3480000, 0x00000000d5580000)
  object space 840192K, 99% used [0x0000000080000000,0x00000000b34083f0,0x00000000b3480000)
 Metaspace       used 81101K, committed 82816K, reserved 1179648K
  class space    used 8645K, committed 9344K, reserved 1048576K
}
Event: 1667.371 GC heap after
{Heap after GC invocations=949 (full 3):
 PSYoungGen      total 3584K, used 896K [0x00000000d5580000, 0x00000000d5b00000, 0x0000000100000000)
  eden space 2560K, 0% used [0x00000000d5580000,0x00000000d5580000,0x00000000d5800000)
  from space 1024K, 87% used [0x00000000d5a00000,0x00000000d5ae0000,0x00000000d5b00000)
  to   space 1536K, 0% used [0x00000000d5800000,0x00000000d5800000,0x00000000d5980000)
 ParOldGen       total 840192K, used 839936K [0x0000000080000000, 0x00000000b3480000, 0x00000000d5580000)
  object space 840192K, 99% used [0x0000000080000000,0x00000000b34403f0,0x00000000b3480000)
 Metaspace       used 81101K, committed 82816K, reserved 1179648K
  class space    used 8645K, committed 9344K, reserved 1048576K
}

Dll operation events (12 events):
Event: 0.021 Loaded shared library c:\Users\Acer\.vscode\extensions\redhat.java-1.46.0-win32-x64\jre\21.0.8-win32-x86_64\bin\java.dll
Event: 0.144 Loaded shared library c:\Users\Acer\.vscode\extensions\redhat.java-1.46.0-win32-x64\jre\21.0.8-win32-x86_64\bin\zip.dll
Event: 0.198 Loaded shared library C:\Users\Acer\.vscode\extensions\redhat.java-1.46.0-win32-x64\jre\21.0.8-win32-x86_64\bin\instrument.dll
Event: 0.215 Loaded shared library C:\Users\Acer\.vscode\extensions\redhat.java-1.46.0-win32-x64\jre\21.0.8-win32-x86_64\bin\net.dll
Event: 0.218 Loaded shared library C:\Users\Acer\.vscode\extensions\redhat.java-1.46.0-win32-x64\jre\21.0.8-win32-x86_64\bin\nio.dll
Event: 0.230 Loaded shared library C:\Users\Acer\.vscode\extensions\redhat.java-1.46.0-win32-x64\jre\21.0.8-win32-x86_64\bin\zip.dll
Event: 0.265 Loaded shared library C:\Users\Acer\.vscode\extensions\redhat.java-1.46.0-win32-x64\jre\21.0.8-win32-x86_64\bin\jimage.dll
Event: 0.408 Loaded shared library c:\Users\Acer\.vscode\extensions\redhat.java-1.46.0-win32-x64\jre\21.0.8-win32-x86_64\bin\verify.dll
Event: 2.358 Loaded shared library C:\Users\Acer\AppData\Roaming\Code\User\globalStorage\redhat.java\1.46.0\config_win\org.eclipse.equinox.launcher\org.eclipse.equinox.launcher.win32.win32.x86_64_1.2.1400.v20250801-0854\eclipse_11916.dll
Event: 8.943 Loaded shared library C:\Users\Acer\AppData\Local\Temp\jna-2034799\jna12830107968561584561.dll
Event: 17.195 Loaded shared library C:\Users\Acer\.vscode\extensions\redhat.java-1.46.0-win32-x64\jre\21.0.8-win32-x86_64\bin\sunmscapi.dll
Event: 17.795 Loaded shared library C:\Users\Acer\.vscode\extensions\redhat.java-1.46.0-win32-x64\jre\21.0.8-win32-x86_64\bin\extnet.dll

Deoptimization events (20 events):
Event: 1464.652 Thread 0x000001c86e5d9f40 Uncommon trap: trap_request=0xffffffde fr.pc=0x000001c819477018 relative=0x0000000000000078
Event: 1464.652 Thread 0x000001c86e5d9f40 Uncommon trap: reason=class_check action=maybe_recompile pc=0x000001c819477018 method=org.eclipse.jdt.internal.compiler.env.IModuleAwareNameEnvironment$LookupStrategy.matches(Ljava/lang/Object;Ljava/util/function/Predicate;)Z @ 8 c2
Event: 1464.652 Thread 0x000001c86e5d9f40 DEOPT PACKING pc=0x000001c819477018 sp=0x00000003258fdb80
Event: 1464.652 Thread 0x000001c86e5d9f40 DEOPT UNPACKING pc=0x000001c818bb3aa2 sp=0x00000003258fdb08 mode 2
Event: 1464.652 Thread 0x000001c86e5d9f40 Uncommon trap: trap_request=0xffffffde fr.pc=0x000001c819477018 relative=0x0000000000000078
Event: 1464.652 Thread 0x000001c86e5d9f40 Uncommon trap: reason=class_check action=maybe_recompile pc=0x000001c819477018 method=org.eclipse.jdt.internal.compiler.env.IModuleAwareNameEnvironment$LookupStrategy.matches(Ljava/lang/Object;Ljava/util/function/Predicate;)Z @ 8 c2
Event: 1464.652 Thread 0x000001c86e5d9f40 DEOPT PACKING pc=0x000001c819477018 sp=0x00000003258fdb80
Event: 1464.652 Thread 0x000001c86e5d9f40 DEOPT UNPACKING pc=0x000001c818bb3aa2 sp=0x00000003258fdb08 mode 2
Event: 1465.184 Thread 0x000001c86e5d9f40 Uncommon trap: trap_request=0xffffff45 fr.pc=0x000001c8196c71f8 relative=0x0000000000001018
Event: 1465.184 Thread 0x000001c86e5d9f40 Uncommon trap: reason=unstable_if action=reinterpret pc=0x000001c8196c71f8 method=org.eclipse.jdt.internal.core.builder.ClasspathJar.isPackage(Ljava/lang/String;Ljava/lang/String;)Z @ 1 c2
Event: 1465.184 Thread 0x000001c86e5d9f40 DEOPT PACKING pc=0x000001c8196c71f8 sp=0x00000003258fd0c0
Event: 1465.184 Thread 0x000001c86e5d9f40 DEOPT UNPACKING pc=0x000001c818bb3aa2 sp=0x00000003258fd038 mode 2
Event: 1465.203 Thread 0x000001c86e5d9f40 Uncommon trap: trap_request=0xffffff45 fr.pc=0x000001c8196c2114 relative=0x00000000000007d4
Event: 1465.203 Thread 0x000001c86e5d9f40 Uncommon trap: reason=unstable_if action=reinterpret pc=0x000001c8196c2114 method=org.eclipse.jdt.internal.core.builder.ClasspathJar.isPackage(Ljava/lang/String;Ljava/lang/String;)Z @ 1 c2
Event: 1465.203 Thread 0x000001c86e5d9f40 DEOPT PACKING pc=0x000001c8196c2114 sp=0x00000003258fcfd0
Event: 1465.203 Thread 0x000001c86e5d9f40 DEOPT UNPACKING pc=0x000001c818bb3aa2 sp=0x00000003258fcf68 mode 2
Event: 1667.397 Thread 0x000001c86e5d77e0 Uncommon trap: trap_request=0xffffff45 fr.pc=0x000001c819ca0048 relative=0x0000000000000188
Event: 1667.400 Thread 0x000001c86e5d77e0 Uncommon trap: reason=unstable_if action=reinterpret pc=0x000001c819ca0048 method=java.io.ObjectOutputStream$HandleTable.lookup(Ljava/lang/Object;)I @ 4 c2
Event: 1667.400 Thread 0x000001c86e5d77e0 DEOPT PACKING pc=0x000001c819ca0048 sp=0x00000003239feab0
Event: 1667.404 Thread 0x000001c86e5d77e0 DEOPT UNPACKING pc=0x000001c818bb3aa2 sp=0x00000003239fea40 mode 2

Classes loaded (20 events):
Event: 189.911 Loading class java/lang/ProcessHandleImpl$1
Event: 189.911 Loading class java/lang/ProcessHandleImpl$1 done
Event: 189.913 Loading class java/util/concurrent/CompletableFuture$UniHandle
Event: 189.913 Loading class java/util/concurrent/CompletableFuture$UniHandle done
Event: 325.764 Loading class java/util/stream/Nodes$CollectorTask$OfRef
Event: 325.916 Loading class java/util/stream/Nodes$CollectorTask
Event: 326.046 Loading class java/util/stream/Nodes$CollectorTask done
Event: 326.047 Loading class java/util/stream/Nodes$CollectorTask$OfRef done
Event: 327.416 Loading class java/util/function/LongFunction
Event: 327.419 Loading class java/util/function/LongFunction done
Event: 327.428 Loading class java/util/stream/Nodes$ConcNode
Event: 327.437 Loading class java/util/stream/Nodes$AbstractConcNode
Event: 327.444 Loading class java/util/stream/Nodes$AbstractConcNode done
Event: 327.444 Loading class java/util/stream/Nodes$ConcNode done
Event: 327.495 Loading class java/io/ObjectOutputStream$BlockDataOutputStream
Event: 327.518 Loading class java/io/ObjectOutputStream$BlockDataOutputStream done
Event: 327.518 Loading class java/io/ObjectOutputStream$HandleTable
Event: 327.526 Loading class java/io/ObjectOutputStream$HandleTable done
Event: 327.529 Loading class java/io/ObjectOutputStream$ReplaceTable
Event: 327.535 Loading class java/io/ObjectOutputStream$ReplaceTable done

Classes unloaded (7 events):
Event: 13.022 Thread 0x000001c8254b29f0 Unloading class 0x000001c8271af400 'java/lang/invoke/LambdaForm$MH+0x000001c8271af400'
Event: 13.022 Thread 0x000001c8254b29f0 Unloading class 0x000001c8271af000 'java/lang/invoke/LambdaForm$MH+0x000001c8271af000'
Event: 13.022 Thread 0x000001c8254b29f0 Unloading class 0x000001c8271aec00 'java/lang/invoke/LambdaForm$MH+0x000001c8271aec00'
Event: 13.022 Thread 0x000001c8254b29f0 Unloading class 0x000001c8271ae800 'java/lang/invoke/LambdaForm$MH+0x000001c8271ae800'
Event: 13.022 Thread 0x000001c8254b29f0 Unloading class 0x000001c8271ae400 'java/lang/invoke/LambdaForm$BMH+0x000001c8271ae400'
Event: 13.022 Thread 0x000001c8254b29f0 Unloading class 0x000001c8271ae000 'java/lang/invoke/LambdaForm$DMH+0x000001c8271ae000'
Event: 13.022 Thread 0x000001c8254b29f0 Unloading class 0x000001c8271acc00 'java/lang/invoke/LambdaForm$DMH+0x000001c8271acc00'

Classes redefined (0 events):
No events

Internal exceptions (20 events):
Event: 182.397 Thread 0x000001c86f2d4270 Exception <a 'sun/nio/fs/WindowsException'{0x00000000d5587f00}> (0x00000000d5587f00) 
thrown [s\src\hotspot\share\prims\jni.cpp, line 520]
Event: 182.397 Thread 0x000001c86f2d4270 Exception <a 'sun/nio/fs/WindowsException'{0x00000000d55887e0}> (0x00000000d55887e0) 
thrown [s\src\hotspot\share\prims\jni.cpp, line 520]
Event: 183.190 Thread 0x000001c86eae2440 Exception <a 'java/io/FileNotFoundException'{0x00000000d55e3f58}> (0x00000000d55e3f58) 
thrown [s\src\hotspot\share\prims\jni.cpp, line 520]
Event: 183.800 Thread 0x000001c86eae2440 Exception <a 'java/lang/NoSuchMethodError'{0x00000000d55a0560}: 'java.lang.Object java.lang.invoke.DirectMethodHandle$Holder.invokeVirtual(java.lang.Object, java.lang.Object, java.lang.Object, java.lang.Object)'> (0x00000000d55a0560) 
thrown [s\src\hotspot\share\interpreter\linkResolver.cpp, line 773]
Event: 184.025 Thread 0x000001c86c89fad0 Exception <a 'java/lang/NoSuchMethodError'{0x00000000d572bcd8}: 'java.lang.Object java.lang.invoke.DirectMethodHandle$Holder.invokeStatic(java.lang.Object, long, java.lang.Object, java.lang.Object)'> (0x00000000d572bcd8) 
thrown [s\src\hotspot\share\interpreter\linkResolver.cpp, line 773]
Event: 184.103 Thread 0x000001c86c89fad0 Exception <a 'sun/nio/fs/WindowsException'{0x00000000d57c3e18}> (0x00000000d57c3e18) 
thrown [s\src\hotspot\share\prims\jni.cpp, line 520]
Event: 184.103 Thread 0x000001c86c89fad0 Exception <a 'sun/nio/fs/WindowsException'{0x00000000d57c4e58}> (0x00000000d57c4e58) 
thrown [s\src\hotspot\share\prims\jni.cpp, line 520]
Event: 184.174 Thread 0x000001c86c89fad0 Exception <a 'java/lang/NoSuchMethodError'{0x00000000d55eca38}: 'void java.lang.invoke.DirectMethodHandle$Holder.invokeStatic(java.lang.Object, java.lang.Object, java.lang.Object, java.lang.Object, java.lang.Object, java.lang.Object, java.lang.Object)'> (0x00000000d55eca38) 
thrown [s\src\hotspot\share\interpreter\linkResolver.cpp, line 773]
Event: 186.206 Thread 0x000001c86e5d8b90 Exception <a 'java/lang/NoSuchMethodError'{0x00000000d564dc10}: 'long java.lang.invoke.DelegatingMethodHandle$Holder.reinvoke_L(java.lang.Object, java.lang.Object)'> (0x00000000d564dc10) 
thrown [s\src\hotspot\share\interpreter\linkResolver.cpp, line 773]
Event: 186.208 Thread 0x000001c86e5d8b90 Exception <a 'java/lang/NoSuchMethodError'{0x00000000d5657db8}: 'void java.lang.invoke.DelegatingMethodHandle$Holder.reinvoke_L(java.lang.Object, java.lang.Object, long)'> (0x00000000d5657db8) 
thrown [s\src\hotspot\share\interpreter\linkResolver.cpp, line 773]
Event: 189.916 Thread 0x000001c86e5d8b90 Exception <a 'java/lang/NoSuchMethodError'{0x00000000d57d8d80}: 'long java.lang.invoke.Invokers$Holder.invokeExact_MT(java.lang.Object, java.lang.Object, java.lang.Object)'> (0x00000000d57d8d80) 
thrown [s\src\hotspot\share\interpreter\linkResolver.cpp, line 773]
Event: 323.121 Thread 0x000001c86e9992e0 Exception <a 'sun/nio/fs/WindowsException'{0x00000000d5604700}> (0x00000000d5604700) 
thrown [s\src\hotspot\share\prims\jni.cpp, line 520]
Event: 323.147 Thread 0x000001c86e9992e0 Exception <a 'sun/nio/fs/WindowsException'{0x00000000d5605250}> (0x00000000d5605250) 
thrown [s\src\hotspot\share\prims\jni.cpp, line 520]
Event: 324.836 Thread 0x000001c86e9992e0 Implicit null exception at 0x000001c819afa591 to 0x000001c819afa820
Event: 327.695 Thread 0x000001c86e9992e0 Exception <a 'java/lang/NoSuchMethodError'{0x00000000d56d04c0}: static [J.<clinit>()V> (0x00000000d56d04c0) 
thrown [s\src\hotspot\share\prims\jni.cpp, line 1111]
Event: 1369.965 Thread 0x000001c86c89f440 Exception <a 'sun/nio/fs/WindowsException'{0x00000000d55db4f0}> (0x00000000d55db4f0) 
thrown [s\src\hotspot\share\prims\jni.cpp, line 520]
Event: 1374.860 Thread 0x000001c86e9992e0 Exception <a 'sun/nio/fs/WindowsException'{0x00000000d57423e0}> (0x00000000d57423e0) 
thrown [s\src\hotspot\share\prims\jni.cpp, line 520]
Event: 1438.632 Thread 0x000001c86c89f440 Exception <a 'sun/nio/fs/WindowsException'{0x00000000d56e5aa0}> (0x00000000d56e5aa0) 
thrown [s\src\hotspot\share\prims\jni.cpp, line 520]
Event: 1666.870 Thread 0x000001c86e5d77e0 Exception <a 'sun/nio/fs/WindowsException'{0x00000000d57fb850}> (0x00000000d57fb850) 
thrown [s\src\hotspot\share\prims\jni.cpp, line 520]
Event: 1666.886 Thread 0x000001c86e5d77e0 Exception <a 'sun/nio/fs/WindowsException'{0x00000000d57fc5e0}> (0x00000000d57fc5e0) 
thrown [s\src\hotspot\share\prims\jni.cpp, line 520]

ZGC Phase Switch (0 events):
No events

VM Operations (20 events):
Event: 1465.024 Executing VM operation: Cleanup
Event: 1465.027 Executing VM operation: Cleanup done
Event: 1466.034 Executing VM operation: Cleanup
Event: 1466.225 Executing VM operation: Cleanup done
Event: 1467.281 Executing VM operation: Cleanup
Event: 1467.298 Executing VM operation: Cleanup done
Event: 1666.821 Executing VM operation: Cleanup
Event: 1666.834 Executing VM operation: Cleanup done
Event: 1667.010 Executing VM operation: ParallelGCFailedAllocation (Allocation Failure)
Event: 1667.372 Executing VM operation: ParallelGCFailedAllocation (Allocation Failure) done
Event: 1669.375 Executing VM operation: Cleanup
Event: 1669.404 Executing VM operation: Cleanup done
Event: 1672.397 Executing VM operation: Cleanup
Event: 1672.397 Executing VM operation: Cleanup done
Event: 1673.402 Executing VM operation: Cleanup
Event: 1673.402 Executing VM operation: Cleanup done
Event: 1683.898 Executing VM operation: HandshakeAllThreads (HandshakeForDeflation)
Event: 1683.898 Executing VM operation: HandshakeAllThreads (HandshakeForDeflation) done
Event: 1683.899 Executing VM operation: RendezvousGCThreads
Event: 1683.899 Executing VM operation: RendezvousGCThreads done

Memory protections (0 events):
No events

Nmethod flushes (20 events):
Event: 31.198 Thread 0x000001c8254b29f0 flushing  nmethod 0x000001c811f1be10
Event: 31.198 Thread 0x000001c8254b29f0 flushing  nmethod 0x000001c811f1c410
Event: 31.198 Thread 0x000001c8254b29f0 flushing  nmethod 0x000001c811f1cc90
Event: 31.198 Thread 0x000001c8254b29f0 flushing  nmethod 0x000001c811f26090
Event: 31.198 Thread 0x000001c8254b29f0 flushing  nmethod 0x000001c811f2ef90
Event: 31.198 Thread 0x000001c8254b29f0 flushing  nmethod 0x000001c811f31f10
Event: 31.199 Thread 0x000001c8254b29f0 flushing  nmethod 0x000001c811f36390
Event: 31.199 Thread 0x000001c8254b29f0 flushing  nmethod 0x000001c811f37090
Event: 31.199 Thread 0x000001c8254b29f0 flushing  nmethod 0x000001c811f3a290
Event: 31.199 Thread 0x000001c8254b29f0 flushing  nmethod 0x000001c811f60390
Event: 31.199 Thread 0x000001c8254b29f0 flushing  nmethod 0x000001c811f63b90
Event: 31.199 Thread 0x000001c8254b29f0 flushing  nmethod 0x000001c811f8ff90
Event: 31.199 Thread 0x000001c8254b29f0 flushing  nmethod 0x000001c811f90f10
Event: 31.199 Thread 0x000001c8254b29f0 flushing  nmethod 0x000001c811f91490
Event: 31.199 Thread 0x000001c8254b29f0 flushing  nmethod 0x000001c811f92510
Event: 31.199 Thread 0x000001c8254b29f0 flushing  nmethod 0x000001c811f95e10
Event: 31.199 Thread 0x000001c8254b29f0 flushing  nmethod 0x000001c811f96190
Event: 31.199 Thread 0x000001c8254b29f0 flushing  nmethod 0x000001c811f96610
Event: 31.199 Thread 0x000001c8254b29f0 flushing  nmethod 0x000001c811f96f90
Event: 31.199 Thread 0x000001c8254b29f0 flushing  nmethod 0x000001c811f9f510

Events (20 events):
Event: 414.348 Thread 0x000001c86eae2ad0 Thread exited: 0x000001c86eae2ad0
Event: 432.821 Thread 0x000001c86f2d4900 Thread exited: 0x000001c86f2d4900
Event: 474.366 Thread 0x000001c86eae5230 Thread exited: 0x000001c86eae5230
Event: 474.367 Thread 0x000001c86eae65e0 Thread exited: 0x000001c86eae65e0
Event: 492.831 Thread 0x000001c86f2d2ec0 Thread exited: 0x000001c86f2d2ec0
Event: 534.373 Thread 0x000001c86eae58c0 Thread exited: 0x000001c86eae58c0
Event: 552.856 Thread 0x000001c86f2d2830 Thread exited: 0x000001c86f2d2830
Event: 612.888 Thread 0x000001c86f2d5620 Thread exited: 0x000001c86f2d5620
Event: 1368.219 Thread 0x000001c86e9992e0 Thread added: 0x000001c86e5d77e0
Event: 1417.601 Thread 0x000001c86f2d3550 Thread added: 0x000001c86e5d9f40
Event: 1423.717 Thread 0x000001c86e5d9f40 Thread added: 0x000001c86e5d8b90
Event: 1499.255 Thread 0x000001c86e9992e0 Thread exited: 0x000001c86e9992e0
Event: 1528.538 Thread 0x000001c86e5d9f40 Thread exited: 0x000001c86e5d9f40
Event: 1588.471 Thread 0x000001c86e5d8b90 Thread exited: 0x000001c86e5d8b90
Event: 1666.962 Thread 0x000001c86e5d77e0 Thread added: 0x000001c86e5d7e70
Event: 1667.000 Thread 0x000001c86e5d7e70 Thread exited: 0x000001c86e5d7e70
Event: 1668.318 Thread 0x000001c86e5d77e0 Thread added: 0x000001c86e5d98b0
Event: 1668.319 Thread 0x000001c86e5d98b0 Thread exited: 0x000001c86e5d98b0
Event: 1668.618 Thread 0x000001c86c89f440 Thread added: 0x000001c86e5d7e70
Event: 1728.732 Thread 0x000001c86e5d7e70 Thread exited: 0x000001c86e5d7e70


Dynamic libraries:
0x00007ff7e81c0000 - 0x00007ff7e81ce000 	c:\Users\Acer\.vscode\extensions\redhat.java-1.46.0-win32-x64\jre\21.0.8-win32-x86_64\bin\java.exe
0x00007ffe2a8c0000 - 0x00007ffe2ab29000 	C:\WINDOWS\SYSTEM32\ntdll.dll
0x00007ffe29230000 - 0x00007ffe292f9000 	C:\WINDOWS\System32\KERNEL32.DLL
0x00007ffe27dd0000 - 0x00007ffe281c3000 	C:\WINDOWS\System32\KERNELBASE.dll
0x00007ffe27a50000 - 0x00007ffe27b9b000 	C:\WINDOWS\System32\ucrtbase.dll
0x00007ffe12410000 - 0x00007ffe12428000 	c:\Users\Acer\.vscode\extensions\redhat.java-1.46.0-win32-x64\jre\21.0.8-win32-x86_64\bin\jli.dll
0x00007ffe29ca0000 - 0x00007ffe29e64000 	C:\WINDOWS\System32\USER32.dll
0x00007ffe27d10000 - 0x00007ffe27d37000 	C:\WINDOWS\System32\win32u.dll
0x00007ffe28dd0000 - 0x00007ffe28dfb000 	C:\WINDOWS\System32\GDI32.dll
0x00007ffe15410000 - 0x00007ffe1542e000 	c:\Users\Acer\.vscode\extensions\redhat.java-1.46.0-win32-x64\jre\21.0.8-win32-x86_64\bin\VCRUNTIME140.dll
0x00007ffe28350000 - 0x00007ffe2847d000 	C:\WINDOWS\System32\gdi32full.dll
0x00007ffe285e0000 - 0x00007ffe28683000 	C:\WINDOWS\System32\msvcp_win.dll
0x00007ffe0e970000 - 0x00007ffe0ec03000 	C:\WINDOWS\WinSxS\amd64_microsoft.windows.common-controls_6595b64144ccf1df_6.0.26100.5074_none_3e0d6f78e32fd63f\COMCTL32.dll
0x00007ffe2a770000 - 0x00007ffe2a819000 	C:\WINDOWS\System32\msvcrt.dll
0x00007ffe291d0000 - 0x00007ffe291ff000 	C:\WINDOWS\System32\IMM32.DLL
0x00007ffe16390000 - 0x00007ffe1639c000 	c:\Users\Acer\.vscode\extensions\redhat.java-1.46.0-win32-x64\jre\21.0.8-win32-x86_64\bin\vcruntime140_1.dll
0x00007ffe05fe0000 - 0x00007ffe0606d000 	c:\Users\Acer\.vscode\extensions\redhat.java-1.46.0-win32-x64\jre\21.0.8-win32-x86_64\bin\msvcp140.dll
0x00007ffda9fc0000 - 0x00007ffdaad57000 	c:\Users\Acer\.vscode\extensions\redhat.java-1.46.0-win32-x64\jre\21.0.8-win32-x86_64\bin\server\jvm.dll
0x00007ffe2a560000 - 0x00007ffe2a614000 	C:\WINDOWS\System32\ADVAPI32.dll
0x00007ffe28b00000 - 0x00007ffe28ba6000 	C:\WINDOWS\System32\sechost.dll
0x00007ffe29b80000 - 0x00007ffe29c98000 	C:\WINDOWS\System32\RPCRT4.dll
0x00007ffe28d50000 - 0x00007ffe28dc4000 	C:\WINDOWS\System32\WS2_32.dll
0x00007ffe278d0000 - 0x00007ffe2792e000 	C:\WINDOWS\SYSTEM32\POWRPROF.dll
0x00007ffe0f6c0000 - 0x00007ffe0f6cb000 	C:\WINDOWS\SYSTEM32\VERSION.dll
0x00007ffe1c060000 - 0x00007ffe1c095000 	C:\WINDOWS\SYSTEM32\WINMM.dll
0x00007ffe278b0000 - 0x00007ffe278c4000 	C:\WINDOWS\SYSTEM32\UMPDC.dll
0x00007ffe26830000 - 0x00007ffe2684b000 	C:\WINDOWS\SYSTEM32\kernel.appcore.dll
0x00007ffe15480000 - 0x00007ffe1548a000 	c:\Users\Acer\.vscode\extensions\redhat.java-1.46.0-win32-x64\jre\21.0.8-win32-x86_64\bin\jimage.dll
0x00007ffe25210000 - 0x00007ffe25452000 	C:\WINDOWS\SYSTEM32\DBGHELP.DLL
0x00007ffe28690000 - 0x00007ffe28a0b000 	C:\WINDOWS\System32\combase.dll
0x00007ffe28ff0000 - 0x00007ffe290c7000 	C:\WINDOWS\System32\OLEAUT32.dll
0x00007ffe0d270000 - 0x00007ffe0d2ad000 	C:\WINDOWS\SYSTEM32\dbgcore.DLL
0x00007ffe28540000 - 0x00007ffe285d9000 	C:\WINDOWS\System32\bcryptPrimitives.dll
0x00007ffe130a0000 - 0x00007ffe130af000 	c:\Users\Acer\.vscode\extensions\redhat.java-1.46.0-win32-x64\jre\21.0.8-win32-x86_64\bin\instrument.dll
0x00007ffe10ad0000 - 0x00007ffe10aef000 	c:\Users\Acer\.vscode\extensions\redhat.java-1.46.0-win32-x64\jre\21.0.8-win32-x86_64\bin\java.dll
0x00007ffe293a0000 - 0x00007ffe29aed000 	C:\WINDOWS\System32\SHELL32.dll
0x00007ffe27ba0000 - 0x00007ffe27d0c000 	C:\WINDOWS\System32\wintypes.dll
0x00007ffe256d0000 - 0x00007ffe25f29000 	C:\WINDOWS\SYSTEM32\windows.storage.dll
0x00007ffe290d0000 - 0x00007ffe291c0000 	C:\WINDOWS\System32\SHCORE.dll
0x00007ffe29300000 - 0x00007ffe29362000 	C:\WINDOWS\System32\shlwapi.dll
0x00007ffe27970000 - 0x00007ffe27999000 	C:\WINDOWS\SYSTEM32\profapi.dll
0x00007ffe10570000 - 0x00007ffe10588000 	c:\Users\Acer\.vscode\extensions\redhat.java-1.46.0-win32-x64\jre\21.0.8-win32-x86_64\bin\zip.dll
0x00007ffe10560000 - 0x00007ffe10570000 	C:\Users\Acer\.vscode\extensions\redhat.java-1.46.0-win32-x64\jre\21.0.8-win32-x86_64\bin\net.dll
0x00007ffe16940000 - 0x00007ffe16a5f000 	C:\WINDOWS\SYSTEM32\WINHTTP.dll
0x00007ffe26db0000 - 0x00007ffe26e1b000 	C:\WINDOWS\system32\mswsock.dll
0x00007ffe05f80000 - 0x00007ffe05f96000 	C:\Users\Acer\.vscode\extensions\redhat.java-1.46.0-win32-x64\jre\21.0.8-win32-x86_64\bin\nio.dll
0x00007ffe104f0000 - 0x00007ffe10500000 	c:\Users\Acer\.vscode\extensions\redhat.java-1.46.0-win32-x64\jre\21.0.8-win32-x86_64\bin\verify.dll
0x00007ffdf9ef0000 - 0x00007ffdf9f34000 	C:\Users\Acer\AppData\Roaming\Code\User\globalStorage\redhat.java\1.46.0\config_win\org.eclipse.equinox.launcher\org.eclipse.equinox.launcher.win32.win32.x86_64_1.2.1400.v20250801-0854\eclipse_11916.dll
0x00007ffe28bb0000 - 0x00007ffe28d48000 	C:\WINDOWS\System32\ole32.dll
0x00007ffe27050000 - 0x00007ffe2706b000 	C:\WINDOWS\SYSTEM32\CRYPTSP.dll
0x00007ffe26790000 - 0x00007ffe267cb000 	C:\WINDOWS\system32\rsaenh.dll
0x00007ffe26e50000 - 0x00007ffe26e7b000 	C:\WINDOWS\SYSTEM32\USERENV.dll
0x00007ffe27940000 - 0x00007ffe27966000 	C:\WINDOWS\SYSTEM32\bcrypt.dll
0x00007ffe27070000 - 0x00007ffe2707c000 	C:\WINDOWS\SYSTEM32\CRYPTBASE.dll
0x00007ffe26250000 - 0x00007ffe26284000 	C:\WINDOWS\SYSTEM32\IPHLPAPI.DLL
0x00007ffe28af0000 - 0x00007ffe28afa000 	C:\WINDOWS\System32\NSI.dll
0x00007ffddbf00000 - 0x00007ffddbf49000 	C:\Users\Acer\AppData\Local\Temp\jna-2034799\jna12830107968561584561.dll
0x00007ffe28fe0000 - 0x00007ffe28fe8000 	C:\WINDOWS\System32\PSAPI.DLL
0x00007ffe1d9c0000 - 0x00007ffe1d9de000 	C:\WINDOWS\SYSTEM32\dhcpcsvc6.DLL
0x00007ffe1d920000 - 0x00007ffe1d943000 	C:\WINDOWS\SYSTEM32\dhcpcsvc.DLL
0x00007ffe05f10000 - 0x00007ffe05f1e000 	C:\Users\Acer\.vscode\extensions\redhat.java-1.46.0-win32-x64\jre\21.0.8-win32-x86_64\bin\sunmscapi.dll
0x00007ffe281d0000 - 0x00007ffe28347000 	C:\WINDOWS\System32\CRYPT32.dll
0x00007ffe27270000 - 0x00007ffe272a0000 	C:\WINDOWS\SYSTEM32\ncrypt.dll
0x00007ffe27220000 - 0x00007ffe2725f000 	C:\WINDOWS\SYSTEM32\NTASN1.dll
0x00007ffe262e0000 - 0x00007ffe26406000 	C:\WINDOWS\SYSTEM32\DNSAPI.dll
0x00007ffe15b70000 - 0x00007ffe15b7b000 	C:\Windows\System32\rasadhlp.dll
0x00007ffe1e210000 - 0x00007ffe1e296000 	C:\WINDOWS\System32\fwpuclnt.dll
0x00007ffe05eb0000 - 0x00007ffe05eb9000 	C:\Users\Acer\.vscode\extensions\redhat.java-1.46.0-win32-x64\jre\21.0.8-win32-x86_64\bin\extnet.dll
0x00007ffe26950000 - 0x00007ffe26986000 	C:\WINDOWS\SYSTEM32\ntmarta.dll

JVMTI agents:
c:\Users\Acer\.vscode\extensions\redhat.java-1.46.0-win32-x64\lombok\lombok-1.18.39-4050.jar path:c:\Users\Acer\.vscode\extensions\redhat.java-1.46.0-win32-x64\jre\21.0.8-win32-x86_64\bin\instrument.dll, loaded, initialized, instrumentlib options:none

dbghelp: loaded successfully - version: 4.0.5 - missing functions: none
symbol engine: initialized successfully - sym options: 0x614 - pdb path: .;c:\Users\Acer\.vscode\extensions\redhat.java-1.46.0-win32-x64\jre\21.0.8-win32-x86_64\bin;C:\WINDOWS\SYSTEM32;C:\WINDOWS\WinSxS\amd64_microsoft.windows.common-controls_6595b64144ccf1df_6.0.26100.5074_none_3e0d6f78e32fd63f;c:\Users\Acer\.vscode\extensions\redhat.java-1.46.0-win32-x64\jre\21.0.8-win32-x86_64\bin\server;C:\Users\Acer\AppData\Roaming\Code\User\globalStorage\redhat.java\1.46.0\config_win\org.eclipse.equinox.launcher\org.eclipse.equinox.launcher.win32.win32.x86_64_1.2.1400.v20250801-0854;C:\Users\Acer\AppData\Local\Temp\jna-2034799

VM Arguments:
jvm_args: --add-modules=ALL-SYSTEM --add-opens=java.base/java.util=ALL-UNNAMED --add-opens=java.base/java.lang=ALL-UNNAMED --add-opens=java.base/sun.nio.fs=ALL-UNNAMED -Declipse.application=org.eclipse.jdt.ls.core.id1 -Dosgi.bundles.defaultStartLevel=4 -Declipse.product=org.eclipse.jdt.ls.core.product -Djava.import.generatesMetadataFilesAtProjectRoot=false -DDetectVMInstallationsJob.disabled=true -Dfile.encoding=utf8 -XX:+UseParallelGC -XX:GCTimeRatio=4 -XX:AdaptiveSizePolicyWeight=90 -Dsun.zip.disableMemoryMapping=true -Xmx2G -Xms100m -Xlog:disable -javaagent:c:\Users\Acer\.vscode\extensions\redhat.java-1.46.0-win32-x64\lombok\lombok-1.18.39-4050.jar -XX:+HeapDumpOnOutOfMemoryError -XX:HeapDumpPath=c:\Users\Acer\AppData\Roaming\Code\User\workspaceStorage\583f069a11688f5771e764d579c491a0\redhat.java -Daether.dependencyCollector.impl=bf 
java_command: c:\Users\Acer\.vscode\extensions\redhat.java-1.46.0-win32-x64\server\plugins\org.eclipse.equinox.launcher_1.7.0.v20250519-0528.jar -configuration c:\Users\Acer\AppData\Roaming\Code\User\globalStorage\redhat.java\1.46.0\config_win -data c:\Users\Acer\AppData\Roaming\Code\User\workspaceStorage\583f069a11688f5771e764d579c491a0\redhat.java\jdt_ws --pipe=\\.\pipe\lsp-8d0b72745924b5961849ca2f34f7383d-sock
java_class_path (initial): c:\Users\Acer\.vscode\extensions\redhat.java-1.46.0-win32-x64\server\plugins\org.eclipse.equinox.launcher_1.7.0.v20250519-0528.jar
Launcher Type: SUN_STANDARD

[Global flags]
    uintx AdaptiveSizePolicyWeight                 = 90                                        {product} {command line}
     intx CICompilerCount                          = 4                                         {product} {ergonomic}
    uintx GCTimeRatio                              = 4                                         {product} {command line}
     bool HeapDumpOnOutOfMemoryError               = true                                   {manageable} {command line}
    ccstr HeapDumpPath                             = c:\Users\Acer\AppData\Roaming\Code\User\workspaceStorage\583f069a11688f5771e764d579c491a0\redhat.java         {manageable} {command line}
   size_t InitialHeapSize                          = 104857600                                 {product} {command line}
   size_t MaxHeapSize                              = 2147483648                                {product} {command line}
   size_t MaxNewSize                               = 715653120                                 {product} {ergonomic}
   size_t MinHeapDeltaBytes                        = 524288                                    {product} {ergonomic}
   size_t MinHeapSize                              = 104857600                                 {product} {command line}
   size_t NewSize                                  = 34603008                                  {product} {ergonomic}
    uintx NonNMethodCodeHeapSize                   = 5839372                                {pd product} {ergonomic}
    uintx NonProfiledCodeHeapSize                  = 122909434                              {pd product} {ergonomic}
   size_t OldSize                                  = 70254592                                  {product} {ergonomic}
    uintx ProfiledCodeHeapSize                     = 122909434                              {pd product} {ergonomic}
    uintx ReservedCodeCacheSize                    = 251658240                              {pd product} {ergonomic}
     bool SegmentedCodeCache                       = true                                      {product} {ergonomic}
   size_t SoftMaxHeapSize                          = 2147483648                             {manageable} {ergonomic}
     bool UseCompressedOops                        = true                           {product lp64_product} {ergonomic}
     bool UseLargePagesIndividualAllocation        = false                                  {pd product} {ergonomic}
     bool UseParallelGC                            = true                                      {product} {command line}

Logging:
Log output configuration:
 #0: stdout all=off uptime,level,tags foldmultilines=false
 #1: stderr all=off uptime,level,tags foldmultilines=false

Environment Variables:
PATH=C:\Program Files\Common Files\Oracle\Java\javapath;C:\Program Files\Python313\Scripts\;C:\Program Files\Python313\;C:\WINDOWS\system32;C:\WINDOWS;C:\WINDOWS\System32\Wbem;C:\WINDOWS\System32\WindowsPowerShell\v1.0\;C:\WINDOWS\System32\OpenSSH\;C:\Program Files\Git\cmd;C:\Program Files\MySQL\MySQL Shell 8.0\bin\;C:\Users\Acer\AppData\Local\Programs\Python\Python310\Scripts\;C:\Users\Acer\AppData\Local\Programs\Python\Python310\;C:\Users\Acer\AppData\Local\Programs\Python\Python313\Scripts\;C:\Users\Acer\AppData\Local\Programs\Python\Python313\;C:\Users\Acer\AppData\Local\Microsoft\WindowsApps;C:\Program Files\JetBrains\IntelliJ IDEA 2025.1.2\bin;;C:\Program Files\JetBrains\PyCharm 2025.2.0.1\bin;C:\Users\Acer\AppData\Local\GitHubDesktop\bin;C:\Users\Acer\AppData\Local\Programs\Microsoft VS Code\bin
USERNAME=Acer
OS=Windows_NT
PROCESSOR_IDENTIFIER=Intel64 Family 6 Model 154 Stepping 4, GenuineIntel
TMP=C:\Users\Acer\AppData\Local\Temp
TEMP=C:\Users\Acer\AppData\Local\Temp




Periodic native trim disabled

---------------  S Y S T E M  ---------------

OS:
 Windows 11 , 64 bit Build 26100 (10.0.26100.5074)
OS uptime: 3 days 12:35 hours

CPU: total 8 (initial active 8) (8 cores per cpu, 1 threads per core) family 6 model 154 stepping 4 microcode 0x416, cx8, cmov, fxsr, mmx, 3dnowpref, sse, sse2, sse3, ssse3, sse4.1, sse4.2, popcnt, lzcnt, tsc, tscinvbit, avx, avx2, aes, erms, clmul, bmi1, bmi2, adx, sha, fma, vzeroupper, clflush, clflushopt, clwb, serialize, rdtscp, rdpid, fsrm, f16c, pku, cet_ibt, cet_ss
Processor Information for processor 0
  Max Mhz: 1200, Current Mhz: 1200, Mhz Limit: 1200
Processor Information for processor 1
  Max Mhz: 1200, Current Mhz: 1200, Mhz Limit: 1200
Processor Information for processor 2
  Max Mhz: 1200, Current Mhz: 1200, Mhz Limit: 1200
Processor Information for processor 3
  Max Mhz: 1200, Current Mhz: 1200, Mhz Limit: 1200
Processor Information for processor 4
  Max Mhz: 1200, Current Mhz: 900, Mhz Limit: 900
Processor Information for processor 5
  Max Mhz: 1200, Current Mhz: 900, Mhz Limit: 900
Processor Information for processor 6
  Max Mhz: 1200, Current Mhz: 900, Mhz Limit: 900
Processor Information for processor 7
  Max Mhz: 1200, Current Mhz: 900, Mhz Limit: 900

Memory: 4k page, system-wide physical 3800M (102M free)
TotalPageFile size 15576M (AvailPageFile size 17M)
current process WorkingSet (physical memory assigned to process): 7M, peak: 304M
current process commit charge ("private bytes"): 1150M, peak: 1158M

vm_info: OpenJDK 64-Bit Server VM (21.0.8+9-LTS) for windows-amd64 JRE (21.0.8+9-LTS), built on 2025-07-15T00:00:00Z by "admin" with MS VC++ 17.7 (VS2022)

END.
